C:\USERS\EDUARDO\DOCUMENTS\VISUAL STUDIO 2012\PROJECTS\TURMA-DA-ESCALADA\DEBUG\TURMA DA ESCALADA.PCH
C:\USERS\EDUARDO\DOCUMENTS\VISUAL STUDIO 2012\PROJECTS\TURMA-DA-ESCALADA\DEBUG\STDAFX.OBJ
C:\USERS\EDUARDO\DOCUMENTS\VISUAL STUDIO 2012\PROJECTS\TURMA-DA-ESCALADA\DEBUG\VC110.PDB
C:\USERS\EDUARDO\DOCUMENTS\VISUAL STUDIO 2012\PROJECTS\TURMA-DA-ESCALADA\DEBUG\POSE.OBJ
C:\USERS\EDUARDO\DOCUMENTS\VISUAL STUDIO 2012\PROJECTS\TURMA-DA-ESCALADA\DEBUG\POSEESCAPARPEDRA.OBJ
C:\USERS\EDUARDO\DOCUMENTS\VISUAL STUDIO 2012\PROJECTS\TURMA-DA-ESCALADA\DEBUG\POSEPAUSE.OBJ
C:\USERS\EDUARDO\DOCUMENTS\VISUAL STUDIO 2012\PROJECTS\TURMA-DA-ESCALADA\DEBUG\POSEPERNAEMPE.OBJ
C:\USERS\EDUARDO\DOCUMENTS\VISUAL STUDIO 2012\PROJECTS\TURMA-DA-ESCALADA\DEBUG\SENSOR.OBJ
C:\USERS\EDUARDO\DOCUMENTS\VISUAL STUDIO 2012\PROJECTS\TURMA-DA-ESCALADA\DEBUG\SENSORLISTENER.OBJ
C:\USERS\EDUARDO\DOCUMENTS\VISUAL STUDIO 2012\PROJECTS\TURMA-DA-ESCALADA\DEBUG\TECLA.OBJ
C:\USERS\EDUARDO\DOCUMENTS\VISUAL STUDIO 2012\PROJECTS\TURMA-DA-ESCALADA\DEBUG\TECLADOALFANUMERICO.OBJ
C:\USERS\EDUARDO\DOCUMENTS\VISUAL STUDIO 2012\PROJECTS\TURMA-DA-ESCALADA\DEBUG\TECLADOGENERO.OBJ
C:\USERS\EDUARDO\DOCUMENTS\VISUAL STUDIO 2012\PROJECTS\TURMA-DA-ESCALADA\DEBUG\TECLADONUMERICO.OBJ
C:\USERS\EDUARDO\DOCUMENTS\VISUAL STUDIO 2012\PROJECTS\TURMA-DA-ESCALADA\DEBUG\TECLADOVIRTUAL.OBJ
C:\USERS\EDUARDO\DOCUMENTS\VISUAL STUDIO 2012\PROJECTS\TURMA-DA-ESCALADA\DEBUG\TRANSFORMADOR.OBJ
C:\USERS\EDUARDO\DOCUMENTS\VISUAL STUDIO 2012\PROJECTS\TURMA-DA-ESCALADA\DEBUG\TRANSFORMADORATUALIZACAOPOSICAO.OBJ
C:\USERS\EDUARDO\DOCUMENTS\VISUAL STUDIO 2012\PROJECTS\TURMA-DA-ESCALADA\DEBUG\TRANSFORMADORATUALIZARPOSICAOBRACODIREITO.OBJ
C:\USERS\EDUARDO\DOCUMENTS\VISUAL STUDIO 2012\PROJECTS\TURMA-DA-ESCALADA\DEBUG\TRANSFORMADORATUALIZARPOSICAOBRACOESQUERDO.OBJ
C:\USERS\EDUARDO\DOCUMENTS\VISUAL STUDIO 2012\PROJECTS\TURMA-DA-ESCALADA\DEBUG\TRANSFORMADORATUALIZARPOSICAOPERNADIREITA.OBJ
C:\USERS\EDUARDO\DOCUMENTS\VISUAL STUDIO 2012\PROJECTS\TURMA-DA-ESCALADA\DEBUG\TRANSFORMADORATUALIZARPOSICAOPERNAESQUERDA.OBJ
C:\USERS\EDUARDO\DOCUMENTS\VISUAL STUDIO 2012\PROJECTS\TURMA-DA-ESCALADA\DEBUG\TRANSFORMADORKINECT.OBJ
C:\USERS\EDUARDO\DOCUMENTS\VISUAL STUDIO 2012\PROJECTS\TURMA-DA-ESCALADA\DEBUG\TURMA DA ESCALADA.OBJ
C:\USERS\EDUARDO\DOCUMENTS\VISUAL STUDIO 2012\PROJECTS\TURMA-DA-ESCALADA\DEBUG\XMLDAO.OBJ
C:\USERS\EDUARDO\DOCUMENTS\VISUAL STUDIO 2012\PROJECTS\TURMA-DA-ESCALADA\DEBUG\KINECTCURSOR.OBJ
C:\USERS\EDUARDO\DOCUMENTS\VISUAL STUDIO 2012\PROJECTS\TURMA-DA-ESCALADA\DEBUG\KINECTSENSOR.OBJ
C:\USERS\EDUARDO\DOCUMENTS\VISUAL STUDIO 2012\PROJECTS\TURMA-DA-ESCALADA\DEBUG\LABEL.OBJ
C:\USERS\EDUARDO\DOCUMENTS\VISUAL STUDIO 2012\PROJECTS\TURMA-DA-ESCALADA\DEBUG\MARCADOR.OBJ
C:\USERS\EDUARDO\DOCUMENTS\VISUAL STUDIO 2012\PROJECTS\TURMA-DA-ESCALADA\DEBUG\MARCADORPEDRA.OBJ
C:\USERS\EDUARDO\DOCUMENTS\VISUAL STUDIO 2012\PROJECTS\TURMA-DA-ESCALADA\DEBUG\MOUSECURSOR.OBJ
C:\USERS\EDUARDO\DOCUMENTS\VISUAL STUDIO 2012\PROJECTS\TURMA-DA-ESCALADA\DEBUG\MOUSESENSOR.OBJ
C:\USERS\EDUARDO\DOCUMENTS\VISUAL STUDIO 2012\PROJECTS\TURMA-DA-ESCALADA\DEBUG\MOVIMENTADORBRACODIREITO.OBJ
C:\USERS\EDUARDO\DOCUMENTS\VISUAL STUDIO 2012\PROJECTS\TURMA-DA-ESCALADA\DEBUG\MOVIMENTADORBRACOESQUERDO.OBJ
C:\USERS\EDUARDO\DOCUMENTS\VISUAL STUDIO 2012\PROJECTS\TURMA-DA-ESCALADA\DEBUG\MOVIMENTADORMEMBRO.OBJ
C:\USERS\EDUARDO\DOCUMENTS\VISUAL STUDIO 2012\PROJECTS\TURMA-DA-ESCALADA\DEBUG\MOVIMENTADORPERNADIREITA.OBJ
C:\USERS\EDUARDO\DOCUMENTS\VISUAL STUDIO 2012\PROJECTS\TURMA-DA-ESCALADA\DEBUG\MOVIMENTADORPERNAESQUERDA.OBJ
C:\USERS\EDUARDO\DOCUMENTS\VISUAL STUDIO 2012\PROJECTS\TURMA-DA-ESCALADA\DEBUG\MOVIMENTADORSUBIRPERSONAGEM.OBJ
C:\USERS\EDUARDO\DOCUMENTS\VISUAL STUDIO 2012\PROJECTS\TURMA-DA-ESCALADA\DEBUG\MOVIMENTO.OBJ
C:\USERS\EDUARDO\DOCUMENTS\VISUAL STUDIO 2012\PROJECTS\TURMA-DA-ESCALADA\DEBUG\MOVIMENTOSPRAYDIREITO.OBJ
C:\USERS\EDUARDO\DOCUMENTS\VISUAL STUDIO 2012\PROJECTS\TURMA-DA-ESCALADA\DEBUG\MOVIMENTOSPRAYESQUERDO.OBJ
C:\USERS\EDUARDO\DOCUMENTS\VISUAL STUDIO 2012\PROJECTS\TURMA-DA-ESCALADA\DEBUG\NUMBERSPINNER.OBJ
C:\USERS\EDUARDO\DOCUMENTS\VISUAL STUDIO 2012\PROJECTS\TURMA-DA-ESCALADA\DEBUG\OPERACOESCOMARQUIVOS.OBJ
C:\USERS\EDUARDO\DOCUMENTS\VISUAL STUDIO 2012\PROJECTS\TURMA-DA-ESCALADA\DEBUG\PERFILDAO.OBJ
C:\USERS\EDUARDO\DOCUMENTS\VISUAL STUDIO 2012\PROJECTS\TURMA-DA-ESCALADA\DEBUG\PERSONAGEMDAO.OBJ
C:\USERS\EDUARDO\DOCUMENTS\VISUAL STUDIO 2012\PROJECTS\TURMA-DA-ESCALADA\DEBUG\GESTO.OBJ
C:\USERS\EDUARDO\DOCUMENTS\VISUAL STUDIO 2012\PROJECTS\TURMA-DA-ESCALADA\DEBUG\GLOBAIS.OBJ
C:\USERS\EDUARDO\DOCUMENTS\VISUAL STUDIO 2012\PROJECTS\TURMA-DA-ESCALADA\DEBUG\IDENTIFICADORMOVIMENTO.OBJ
C:\USERS\EDUARDO\DOCUMENTS\VISUAL STUDIO 2012\PROJECTS\TURMA-DA-ESCALADA\DEBUG\IMAGEM.OBJ
C:\USERS\EDUARDO\DOCUMENTS\VISUAL STUDIO 2012\PROJECTS\TURMA-DA-ESCALADA\DEBUG\INTROSCENE.OBJ
C:\USERS\EDUARDO\DOCUMENTS\VISUAL STUDIO 2012\PROJECTS\TURMA-DA-ESCALADA\DEBUG\ITEMDAO.OBJ
C:\USERS\EDUARDO\DOCUMENTS\VISUAL STUDIO 2012\PROJECTS\TURMA-DA-ESCALADA\DEBUG\ITEMLOJA.OBJ
C:\USERS\EDUARDO\DOCUMENTS\VISUAL STUDIO 2012\PROJECTS\TURMA-DA-ESCALADA\DEBUG\INVENTARIO.OBJ
C:\USERS\EDUARDO\DOCUMENTS\VISUAL STUDIO 2012\PROJECTS\TURMA-DA-ESCALADA\DEBUG\JANELA.OBJ
C:\USERS\EDUARDO\DOCUMENTS\VISUAL STUDIO 2012\PROJECTS\TURMA-DA-ESCALADA\DEBUG\JANELACONFIGURACAO.OBJ
C:\USERS\EDUARDO\DOCUMENTS\VISUAL STUDIO 2012\PROJECTS\TURMA-DA-ESCALADA\DEBUG\JANELAESCOLHAFASE.OBJ
C:\USERS\EDUARDO\DOCUMENTS\VISUAL STUDIO 2012\PROJECTS\TURMA-DA-ESCALADA\DEBUG\JANELAESCOLHAPERFIL.OBJ
C:\USERS\EDUARDO\DOCUMENTS\VISUAL STUDIO 2012\PROJECTS\TURMA-DA-ESCALADA\DEBUG\JANELAESCOLHAPERSONAGEM.OBJ
C:\USERS\EDUARDO\DOCUMENTS\VISUAL STUDIO 2012\PROJECTS\TURMA-DA-ESCALADA\DEBUG\JANELAJOGO.OBJ
C:\USERS\EDUARDO\DOCUMENTS\VISUAL STUDIO 2012\PROJECTS\TURMA-DA-ESCALADA\DEBUG\JANELALOJA.OBJ
C:\USERS\EDUARDO\DOCUMENTS\VISUAL STUDIO 2012\PROJECTS\TURMA-DA-ESCALADA\DEBUG\JANELALOJA2.OBJ
C:\USERS\EDUARDO\DOCUMENTS\VISUAL STUDIO 2012\PROJECTS\TURMA-DA-ESCALADA\DEBUG\JANELANOVOJOGO.OBJ
C:\USERS\EDUARDO\DOCUMENTS\VISUAL STUDIO 2012\PROJECTS\TURMA-DA-ESCALADA\DEBUG\JANELAPRINCIPAL.OBJ
C:\USERS\EDUARDO\DOCUMENTS\VISUAL STUDIO 2012\PROJECTS\TURMA-DA-ESCALADA\DEBUG\JANELATESTEKINECT.OBJ
C:\USERS\EDUARDO\DOCUMENTS\VISUAL STUDIO 2012\PROJECTS\TURMA-DA-ESCALADA\DEBUG\JOGADOR.OBJ
C:\USERS\EDUARDO\DOCUMENTS\VISUAL STUDIO 2012\PROJECTS\TURMA-DA-ESCALADA\DEBUG\CALCULOSUTEIS.OBJ
C:\USERS\EDUARDO\DOCUMENTS\VISUAL STUDIO 2012\PROJECTS\TURMA-DA-ESCALADA\DEBUG\CHECKBOX.OBJ
C:\USERS\EDUARDO\DOCUMENTS\VISUAL STUDIO 2012\PROJECTS\TURMA-DA-ESCALADA\DEBUG\CLIQUELISTENER.OBJ
C:\USERS\EDUARDO\DOCUMENTS\VISUAL STUDIO 2012\PROJECTS\TURMA-DA-ESCALADA\DEBUG\COMBOBOX.OBJ
C:\USERS\EDUARDO\DOCUMENTS\VISUAL STUDIO 2012\PROJECTS\TURMA-DA-ESCALADA\DEBUG\COMPONENTE.OBJ
C:\USERS\EDUARDO\DOCUMENTS\VISUAL STUDIO 2012\PROJECTS\TURMA-DA-ESCALADA\DEBUG\COMPONENTEINFORMACOESJOGADOR.OBJ
C:\USERS\EDUARDO\DOCUMENTS\VISUAL STUDIO 2012\PROJECTS\TURMA-DA-ESCALADA\DEBUG\COMPONENTEITEMLOJAICONE.OBJ
C:\USERS\EDUARDO\DOCUMENTS\VISUAL STUDIO 2012\PROJECTS\TURMA-DA-ESCALADA\DEBUG\COMPONENTEITEMLOJAICONEVAZIO.OBJ
C:\USERS\EDUARDO\DOCUMENTS\VISUAL STUDIO 2012\PROJECTS\TURMA-DA-ESCALADA\DEBUG\COMPONENTEITEMLOJASELECIONADO.OBJ
C:\USERS\EDUARDO\DOCUMENTS\VISUAL STUDIO 2012\PROJECTS\TURMA-DA-ESCALADA\DEBUG\CONFIGURACOES.OBJ
C:\USERS\EDUARDO\DOCUMENTS\VISUAL STUDIO 2012\PROJECTS\TURMA-DA-ESCALADA\DEBUG\CONVERSOES.OBJ
C:\USERS\EDUARDO\DOCUMENTS\VISUAL STUDIO 2012\PROJECTS\TURMA-DA-ESCALADA\DEBUG\CONVERSOR.OBJ
C:\USERS\EDUARDO\DOCUMENTS\VISUAL STUDIO 2012\PROJECTS\TURMA-DA-ESCALADA\DEBUG\CRONOMETRO.OBJ
C:\USERS\EDUARDO\DOCUMENTS\VISUAL STUDIO 2012\PROJECTS\TURMA-DA-ESCALADA\DEBUG\CURSOR.OBJ
C:\USERS\EDUARDO\DOCUMENTS\VISUAL STUDIO 2012\PROJECTS\TURMA-DA-ESCALADA\DEBUG\EDITAVEL.OBJ
C:\USERS\EDUARDO\DOCUMENTS\VISUAL STUDIO 2012\PROJECTS\TURMA-DA-ESCALADA\DEBUG\EXIBIVEL.OBJ
C:\USERS\EDUARDO\DOCUMENTS\VISUAL STUDIO 2012\PROJECTS\TURMA-DA-ESCALADA\DEBUG\FASEDAO.OBJ
C:\USERS\EDUARDO\DOCUMENTS\VISUAL STUDIO 2012\PROJECTS\TURMA-DA-ESCALADA\DEBUG\FOCAVEL.OBJ
C:\USERS\EDUARDO\DOCUMENTS\VISUAL STUDIO 2012\PROJECTS\TURMA-DA-ESCALADA\DEBUG\GERENCIADORDEEXIBICAO.OBJ
C:\USERS\EDUARDO\DOCUMENTS\VISUAL STUDIO 2012\PROJECTS\TURMA-DA-ESCALADA\DEBUG\GERENCIADOREXIBICAO2.OBJ
C:\USERS\EDUARDO\DOCUMENTS\VISUAL STUDIO 2012\PROJECTS\TURMA-DA-ESCALADA\DEBUG\AVATAR.OBJ
C:\USERS\EDUARDO\DOCUMENTS\VISUAL STUDIO 2012\PROJECTS\TURMA-DA-ESCALADA\DEBUG\BONECO.OBJ
C:\USERS\EDUARDO\DOCUMENTS\VISUAL STUDIO 2012\PROJECTS\TURMA-DA-ESCALADA\DEBUG\BOTAO.OBJ
C:\USERS\EDUARDO\DOCUMENTS\VISUAL STUDIO 2012\PROJECTS\TURMA-DA-ESCALADA\DEBUG\CAIXAMENSAGEM.OBJ
C:\USERS\EDUARDO\DOCUMENTS\VISUAL STUDIO 2012\PROJECTS\TURMA-DA-ESCALADA\DEBUG\CAIXAMENSAGEMSIMNAO.OBJ
C:\USERS\EDUARDO\DOCUMENTS\VISUAL STUDIO 2012\PROJECTS\TURMA-DA-ESCALADA\DEBUG\CAIXAMENSAGEMSIMPLE.OBJ
C:\USERS\EDUARDO\DOCUMENTS\VISUAL STUDIO 2012\PROJECTS\TURMA-DA-ESCALADA\DEBUG\CAIXATEXTO.OBJ
C:\USERS\EDUARDO\DOCUMENTS\VISUAL STUDIO 2012\PROJECTS\TURMA-DA-ESCALADA\DEBUG\CAIXAVENDAITEM.OBJ
C:\Users\Eduardo\Documents\Visual Studio 2012\Projects\turma-da-escalada\Debug\Avatar.obj
C:\Users\Eduardo\Documents\Visual Studio 2012\Projects\turma-da-escalada\Debug\Boneco.obj
C:\Users\Eduardo\Documents\Visual Studio 2012\Projects\turma-da-escalada\Debug\Botao.obj
C:\Users\Eduardo\Documents\Visual Studio 2012\Projects\turma-da-escalada\Debug\CaixaMensagem.obj
C:\Users\Eduardo\Documents\Visual Studio 2012\Projects\turma-da-escalada\Debug\CaixaMensagemSimNao.obj
C:\Users\Eduardo\Documents\Visual Studio 2012\Projects\turma-da-escalada\Debug\CaixaMensagemSimple.obj
C:\Users\Eduardo\Documents\Visual Studio 2012\Projects\turma-da-escalada\Debug\CaixaTexto.obj
C:\Users\Eduardo\Documents\Visual Studio 2012\Projects\turma-da-escalada\Debug\CaixaVendaItem.obj
C:\Users\Eduardo\Documents\Visual Studio 2012\Projects\turma-da-escalada\Debug\CalculosUteis.obj
C:\Users\Eduardo\Documents\Visual Studio 2012\Projects\turma-da-escalada\Debug\CheckBox.obj
C:\Users\Eduardo\Documents\Visual Studio 2012\Projects\turma-da-escalada\Debug\CliqueListener.obj
C:\Users\Eduardo\Documents\Visual Studio 2012\Projects\turma-da-escalada\Debug\ComboBox.obj
C:\Users\Eduardo\Documents\Visual Studio 2012\Projects\turma-da-escalada\Debug\Componente.obj
C:\Users\Eduardo\Documents\Visual Studio 2012\Projects\turma-da-escalada\Debug\ComponenteInformacoesJogador.obj
C:\Users\Eduardo\Documents\Visual Studio 2012\Projects\turma-da-escalada\Debug\ComponenteItemLojaIcone.obj
C:\Users\Eduardo\Documents\Visual Studio 2012\Projects\turma-da-escalada\Debug\ComponenteItemLojaIconeVazio.obj
C:\Users\Eduardo\Documents\Visual Studio 2012\Projects\turma-da-escalada\Debug\ComponenteItemLojaSelecionado.obj
C:\Users\Eduardo\Documents\Visual Studio 2012\Projects\turma-da-escalada\Debug\Configuracoes.obj
C:\Users\Eduardo\Documents\Visual Studio 2012\Projects\turma-da-escalada\Debug\Conversoes.obj
C:\Users\Eduardo\Documents\Visual Studio 2012\Projects\turma-da-escalada\Debug\Conversor.obj
C:\Users\Eduardo\Documents\Visual Studio 2012\Projects\turma-da-escalada\Debug\Cronometro.obj
C:\Users\Eduardo\Documents\Visual Studio 2012\Projects\turma-da-escalada\Debug\Cursor.obj
C:\Users\Eduardo\Documents\Visual Studio 2012\Projects\turma-da-escalada\Debug\Editavel.obj
C:\Users\Eduardo\Documents\Visual Studio 2012\Projects\turma-da-escalada\Debug\Exibivel.obj
C:\Users\Eduardo\Documents\Visual Studio 2012\Projects\turma-da-escalada\Debug\FaseDAO.obj
C:\Users\Eduardo\Documents\Visual Studio 2012\Projects\turma-da-escalada\Debug\Focavel.obj
C:\Users\Eduardo\Documents\Visual Studio 2012\Projects\turma-da-escalada\Debug\GerenciadorDeExibicao.obj
C:\Users\Eduardo\Documents\Visual Studio 2012\Projects\turma-da-escalada\Debug\GerenciadorExibicao2.obj
C:\Users\Eduardo\Documents\Visual Studio 2012\Projects\turma-da-escalada\Debug\Gesto.obj
C:\Users\Eduardo\Documents\Visual Studio 2012\Projects\turma-da-escalada\Debug\Globais.obj
C:\Users\Eduardo\Documents\Visual Studio 2012\Projects\turma-da-escalada\Debug\IdentificadorMovimento.obj
C:\Users\Eduardo\Documents\Visual Studio 2012\Projects\turma-da-escalada\Debug\Imagem.obj
C:\Users\Eduardo\Documents\Visual Studio 2012\Projects\turma-da-escalada\Debug\IntroScene.obj
C:\Users\Eduardo\Documents\Visual Studio 2012\Projects\turma-da-escalada\Debug\Inventario.obj
C:\Users\Eduardo\Documents\Visual Studio 2012\Projects\turma-da-escalada\Debug\ItemDAO.obj
C:\Users\Eduardo\Documents\Visual Studio 2012\Projects\turma-da-escalada\Debug\ItemLoja.obj
C:\Users\Eduardo\Documents\Visual Studio 2012\Projects\turma-da-escalada\Debug\Janela.obj
C:\Users\Eduardo\Documents\Visual Studio 2012\Projects\turma-da-escalada\Debug\JanelaConfiguracao.obj
C:\Users\Eduardo\Documents\Visual Studio 2012\Projects\turma-da-escalada\Debug\JanelaEscolhaFase.obj
C:\Users\Eduardo\Documents\Visual Studio 2012\Projects\turma-da-escalada\Debug\JanelaEscolhaPerfil.obj
C:\Users\Eduardo\Documents\Visual Studio 2012\Projects\turma-da-escalada\Debug\JanelaEscolhaPersonagem.obj
C:\Users\Eduardo\Documents\Visual Studio 2012\Projects\turma-da-escalada\Debug\JanelaJogo.obj
C:\Users\Eduardo\Documents\Visual Studio 2012\Projects\turma-da-escalada\Debug\JanelaLoja.obj
C:\Users\Eduardo\Documents\Visual Studio 2012\Projects\turma-da-escalada\Debug\JanelaLoja2.obj
C:\Users\Eduardo\Documents\Visual Studio 2012\Projects\turma-da-escalada\Debug\JanelaNovoJogo.obj
C:\Users\Eduardo\Documents\Visual Studio 2012\Projects\turma-da-escalada\Debug\JanelaPrincipal.obj
C:\Users\Eduardo\Documents\Visual Studio 2012\Projects\turma-da-escalada\Debug\JanelaTesteKinect.obj
C:\Users\Eduardo\Documents\Visual Studio 2012\Projects\turma-da-escalada\Debug\Jogador.obj
C:\Users\Eduardo\Documents\Visual Studio 2012\Projects\turma-da-escalada\Debug\KinectCursor.obj
C:\Users\Eduardo\Documents\Visual Studio 2012\Projects\turma-da-escalada\Debug\KinectSensor.obj
C:\Users\Eduardo\Documents\Visual Studio 2012\Projects\turma-da-escalada\Debug\Label.obj
C:\Users\Eduardo\Documents\Visual Studio 2012\Projects\turma-da-escalada\Debug\Marcador.obj
C:\Users\Eduardo\Documents\Visual Studio 2012\Projects\turma-da-escalada\Debug\MarcadorPedra.obj
C:\Users\Eduardo\Documents\Visual Studio 2012\Projects\turma-da-escalada\Debug\MouseCursor.obj
C:\Users\Eduardo\Documents\Visual Studio 2012\Projects\turma-da-escalada\Debug\MouseSensor.obj
C:\Users\Eduardo\Documents\Visual Studio 2012\Projects\turma-da-escalada\Debug\MovimentadorBracoDireito.obj
C:\Users\Eduardo\Documents\Visual Studio 2012\Projects\turma-da-escalada\Debug\MovimentadorBracoEsquerdo.obj
C:\Users\Eduardo\Documents\Visual Studio 2012\Projects\turma-da-escalada\Debug\MovimentadorMembro.obj
C:\Users\Eduardo\Documents\Visual Studio 2012\Projects\turma-da-escalada\Debug\MovimentadorPernaDireita.obj
C:\Users\Eduardo\Documents\Visual Studio 2012\Projects\turma-da-escalada\Debug\MovimentadorPernaEsquerda.obj
C:\Users\Eduardo\Documents\Visual Studio 2012\Projects\turma-da-escalada\Debug\MovimentadorSubirPersonagem.obj
C:\Users\Eduardo\Documents\Visual Studio 2012\Projects\turma-da-escalada\Debug\Movimento.obj
C:\Users\Eduardo\Documents\Visual Studio 2012\Projects\turma-da-escalada\Debug\MovimentoSprayDireito.obj
C:\Users\Eduardo\Documents\Visual Studio 2012\Projects\turma-da-escalada\Debug\MovimentoSprayEsquerdo.obj
C:\Users\Eduardo\Documents\Visual Studio 2012\Projects\turma-da-escalada\Debug\NumberSpinner.obj
C:\Users\Eduardo\Documents\Visual Studio 2012\Projects\turma-da-escalada\Debug\OperacoesComArquivos.obj
C:\Users\Eduardo\Documents\Visual Studio 2012\Projects\turma-da-escalada\Debug\PerfilDao.obj
C:\Users\Eduardo\Documents\Visual Studio 2012\Projects\turma-da-escalada\Debug\PersonagemDAO.obj
C:\Users\Eduardo\Documents\Visual Studio 2012\Projects\turma-da-escalada\Debug\Pose.obj
C:\Users\Eduardo\Documents\Visual Studio 2012\Projects\turma-da-escalada\Debug\PoseEscaparPedra.obj
C:\Users\Eduardo\Documents\Visual Studio 2012\Projects\turma-da-escalada\Debug\PosePause.obj
C:\Users\Eduardo\Documents\Visual Studio 2012\Projects\turma-da-escalada\Debug\PosePernaEmPe.obj
C:\Users\Eduardo\Documents\Visual Studio 2012\Projects\turma-da-escalada\Debug\Sensor.obj
C:\Users\Eduardo\Documents\Visual Studio 2012\Projects\turma-da-escalada\Debug\SensorListener.obj
C:\Users\Eduardo\Documents\Visual Studio 2012\Projects\turma-da-escalada\Debug\stdafx.obj
C:\Users\Eduardo\Documents\Visual Studio 2012\Projects\turma-da-escalada\Debug\Tecla.obj
C:\Users\Eduardo\Documents\Visual Studio 2012\Projects\turma-da-escalada\Debug\TecladoAlfaNumerico.obj
C:\Users\Eduardo\Documents\Visual Studio 2012\Projects\turma-da-escalada\Debug\TecladoGenero.obj
C:\Users\Eduardo\Documents\Visual Studio 2012\Projects\turma-da-escalada\Debug\TecladoNumerico.obj
C:\Users\Eduardo\Documents\Visual Studio 2012\Projects\turma-da-escalada\Debug\TecladoVirtual.obj
C:\Users\Eduardo\Documents\Visual Studio 2012\Projects\turma-da-escalada\Debug\Transformador.obj
C:\Users\Eduardo\Documents\Visual Studio 2012\Projects\turma-da-escalada\Debug\TransformadorAtualizacaoPosicao.obj
C:\Users\Eduardo\Documents\Visual Studio 2012\Projects\turma-da-escalada\Debug\TransformadorAtualizarPosicaoBracoDireito.obj
C:\Users\Eduardo\Documents\Visual Studio 2012\Projects\turma-da-escalada\Debug\TransformadorAtualizarPosicaoBracoEsquerdo.obj
C:\Users\Eduardo\Documents\Visual Studio 2012\Projects\turma-da-escalada\Debug\TransformadorAtualizarPosicaoPernaDireita.obj
C:\Users\Eduardo\Documents\Visual Studio 2012\Projects\turma-da-escalada\Debug\TransformadorAtualizarPosicaoPernaEsquerda.obj
C:\Users\Eduardo\Documents\Visual Studio 2012\Projects\turma-da-escalada\Debug\TransformadorKinect.obj
C:\Users\Eduardo\Documents\Visual Studio 2012\Projects\turma-da-escalada\Debug\turma da escalada.obj
C:\Users\Eduardo\Documents\Visual Studio 2012\Projects\turma-da-escalada\Debug\XMLDAO.obj
C:\Users\Eduardo\Documents\Visual Studio 2012\Projects\turma-da-escalada\Debug\cl.command.1.tlog
C:\Users\Eduardo\Documents\Visual Studio 2012\Projects\turma-da-escalada\Debug\CL.read.1.tlog
C:\Users\Eduardo\Documents\Visual Studio 2012\Projects\turma-da-escalada\Debug\CL.write.1.tlog
C:\Users\Eduardo\Documents\Visual Studio 2012\Projects\turma-da-escalada\Debug\link-cvtres.read.1.tlog
C:\Users\Eduardo\Documents\Visual Studio 2012\Projects\turma-da-escalada\Debug\link-cvtres.write.1.tlog
C:\Users\Eduardo\Documents\Visual Studio 2012\Projects\turma-da-escalada\Debug\link-rc.read.1.tlog
C:\Users\Eduardo\Documents\Visual Studio 2012\Projects\turma-da-escalada\Debug\link-rc.write.1.tlog
C:\Users\Eduardo\Documents\Visual Studio 2012\Projects\turma-da-escalada\Debug\link.1148-cvtres.read.1.tlog
C:\Users\Eduardo\Documents\Visual Studio 2012\Projects\turma-da-escalada\Debug\link.1148-cvtres.write.1.tlog
C:\Users\Eduardo\Documents\Visual Studio 2012\Projects\turma-da-escalada\Debug\link.1148-rc.read.1.tlog
C:\Users\Eduardo\Documents\Visual Studio 2012\Projects\turma-da-escalada\Debug\link.1148-rc.write.1.tlog
C:\Users\Eduardo\Documents\Visual Studio 2012\Projects\turma-da-escalada\Debug\link.1148.read.1.tlog
C:\Users\Eduardo\Documents\Visual Studio 2012\Projects\turma-da-escalada\Debug\link.1148.write.1.tlog
C:\Users\Eduardo\Documents\Visual Studio 2012\Projects\turma-da-escalada\Debug\link.3884-cvtres.read.1.tlog
C:\Users\Eduardo\Documents\Visual Studio 2012\Projects\turma-da-escalada\Debug\link.3884-cvtres.write.1.tlog
C:\Users\Eduardo\Documents\Visual Studio 2012\Projects\turma-da-escalada\Debug\link.3884-rc.read.1.tlog
C:\Users\Eduardo\Documents\Visual Studio 2012\Projects\turma-da-escalada\Debug\link.3884-rc.write.1.tlog
C:\Users\Eduardo\Documents\Visual Studio 2012\Projects\turma-da-escalada\Debug\link.3884.read.1.tlog
C:\Users\Eduardo\Documents\Visual Studio 2012\Projects\turma-da-escalada\Debug\link.3884.write.1.tlog
C:\Users\Eduardo\Documents\Visual Studio 2012\Projects\turma-da-escalada\Debug\link.6488-cvtres.read.1.tlog
C:\Users\Eduardo\Documents\Visual Studio 2012\Projects\turma-da-escalada\Debug\link.6488-cvtres.write.1.tlog
C:\Users\Eduardo\Documents\Visual Studio 2012\Projects\turma-da-escalada\Debug\link.6488-rc.read.1.tlog
C:\Users\Eduardo\Documents\Visual Studio 2012\Projects\turma-da-escalada\Debug\link.6488-rc.write.1.tlog
C:\Users\Eduardo\Documents\Visual Studio 2012\Projects\turma-da-escalada\Debug\link.6488.read.1.tlog
C:\Users\Eduardo\Documents\Visual Studio 2012\Projects\turma-da-escalada\Debug\link.6488.write.1.tlog
C:\Users\Eduardo\Documents\Visual Studio 2012\Projects\turma-da-escalada\Debug\link.7300-cvtres.read.1.tlog
C:\Users\Eduardo\Documents\Visual Studio 2012\Projects\turma-da-escalada\Debug\link.7300-cvtres.write.1.tlog
C:\Users\Eduardo\Documents\Visual Studio 2012\Projects\turma-da-escalada\Debug\link.7300-rc.read.1.tlog
C:\Users\Eduardo\Documents\Visual Studio 2012\Projects\turma-da-escalada\Debug\link.7300-rc.write.1.tlog
C:\Users\Eduardo\Documents\Visual Studio 2012\Projects\turma-da-escalada\Debug\link.7300.read.1.tlog
C:\Users\Eduardo\Documents\Visual Studio 2012\Projects\turma-da-escalada\Debug\link.7300.write.1.tlog
C:\Users\Eduardo\Documents\Visual Studio 2012\Projects\turma-da-escalada\Debug\link.7604.read.1.tlog
C:\Users\Eduardo\Documents\Visual Studio 2012\Projects\turma-da-escalada\Debug\link.7604.write.1.tlog
C:\Users\Eduardo\Documents\Visual Studio 2012\Projects\turma-da-escalada\Debug\link.9720-cvtres.read.1.tlog
C:\Users\Eduardo\Documents\Visual Studio 2012\Projects\turma-da-escalada\Debug\link.9720-cvtres.write.1.tlog
C:\Users\Eduardo\Documents\Visual Studio 2012\Projects\turma-da-escalada\Debug\link.9720-rc.read.1.tlog
C:\Users\Eduardo\Documents\Visual Studio 2012\Projects\turma-da-escalada\Debug\link.9720-rc.write.1.tlog
C:\Users\Eduardo\Documents\Visual Studio 2012\Projects\turma-da-escalada\Debug\link.9720.read.1.tlog
C:\Users\Eduardo\Documents\Visual Studio 2012\Projects\turma-da-escalada\Debug\link.9720.write.1.tlog
C:\Users\Eduardo\Documents\Visual Studio 2012\Projects\turma-da-escalada\Debug\link.9756-cvtres.read.1.tlog
C:\Users\Eduardo\Documents\Visual Studio 2012\Projects\turma-da-escalada\Debug\link.9756-cvtres.write.1.tlog
C:\Users\Eduardo\Documents\Visual Studio 2012\Projects\turma-da-escalada\Debug\link.9756-rc.read.1.tlog
C:\Users\Eduardo\Documents\Visual Studio 2012\Projects\turma-da-escalada\Debug\link.9756-rc.write.1.tlog
C:\Users\Eduardo\Documents\Visual Studio 2012\Projects\turma-da-escalada\Debug\link.9756.read.1.tlog
C:\Users\Eduardo\Documents\Visual Studio 2012\Projects\turma-da-escalada\Debug\link.9756.write.1.tlog
C:\Users\Eduardo\Documents\Visual Studio 2012\Projects\turma-da-escalada\Debug\link.command.1.tlog
C:\Users\Eduardo\Documents\Visual Studio 2012\Projects\turma-da-escalada\Debug\link.read.1.tlog
C:\Users\Eduardo\Documents\Visual Studio 2012\Projects\turma-da-escalada\Debug\link.write.1.tlog
C:\Users\Eduardo\Documents\Visual Studio 2012\Projects\turma-da-escalada\Debug\turma da escalada.pch
C:\Users\Eduardo\Documents\Visual Studio 2012\Projects\turma-da-escalada\Debug\vc110.idb
C:\Users\Eduardo\Documents\Visual Studio 2012\Projects\turma-da-escalada\Debug\vc110.pdb
