Build started 05/12/2013 20:45:26.
     1>Project "C:\Users\Eduardo\Documents\Visual Studio 2012\Projects\turma-da-escalada\turma da escalada.vcxproj" on node 2 (Build target(s)).
     1>C:\Program Files (x86)\MSBuild\Microsoft.Cpp\v4.0\V110\Microsoft.CppBuild.targets(346,5): warning MSB8004: Output Directory does not end with a trailing slash.  This build instance will add the slash as it is required to allow proper evaluation of the Output Directory.
     1>ClCompile:
         C:\Program Files (x86)\Microsoft Visual Studio 11.0\VC\bin\CL.exe /c /I"lib\irrlicht-1.8\include" /Ilib\OpenNI2\Include /Ilib\NiTE2\Include /ZI /nologo /W3 /WX- /sdl /Od /Oy- /D WIN32 /D _DEBUG /D _CONSOLE /D _UNICODE /D UNICODE /Gm /EHsc /RTC1 /MDd /GS /fp:precise /Zc:wchar_t /Zc:forScope /Yu"stdafx.h" /Fp"Debug\turma da escalada.pch" /Fo"Debug\\" /Fd"Debug\vc110.pdb" /Gd /TP /analyze- /errorReport:prompt MovimentadorSubirPersonagem.cpp TransformadorAtualizacaoPosicao.cpp TransformadorAtualizarPosicaoPernaEsquerda.cpp
         TransformadorAtualizarPosicaoPernaEsquerda.cpp
     1>c:\users\eduardo\documents\visual studio 2012\projects\turma-da-escalada\tipos.h(86): warning C4172: returning address of local variable or temporary
     1>c:\users\eduardo\documents\visual studio 2012\projects\turma-da-escalada\calculosuteis.h(37): warning C4018: '<' : signed/unsigned mismatch
     1>c:\users\eduardo\documents\visual studio 2012\projects\turma-da-escalada\calculosuteis.h(51): warning C4018: '<' : signed/unsigned mismatch
     1>c:\users\eduardo\documents\visual studio 2012\projects\turma-da-escalada\calculosuteis.h(60): warning C4018: '<' : signed/unsigned mismatch
     1>c:\users\eduardo\documents\visual studio 2012\projects\turma-da-escalada\calculosuteis.h(69): warning C4018: '<' : signed/unsigned mismatch
     1>c:\users\eduardo\documents\visual studio 2012\projects\turma-da-escalada\transformadoratualizarposicaopernaesquerda.cpp(33): warning C4244: '=' : conversion from 'int' to 'irr::f32', possible loss of data
     1>c:\users\eduardo\documents\visual studio 2012\projects\turma-da-escalada\transformadoratualizarposicaopernaesquerda.cpp(38): warning C4244: '=' : conversion from 'int' to 'irr::f32', possible loss of data
     1>c:\users\eduardo\documents\visual studio 2012\projects\turma-da-escalada\transformadoratualizarposicaopernaesquerda.cpp(43): warning C4018: '<' : signed/unsigned mismatch
     1>c:\users\eduardo\documents\visual studio 2012\projects\turma-da-escalada\transformadoratualizarposicaopernaesquerda.cpp(52): warning C4258: 'i' : definition from the for loop is ignored; the definition from the enclosing scope is used
                 c:\users\eduardo\documents\visual studio 2012\projects\turma-da-escalada\transformadoratualizarposicaopernaesquerda.cpp(43) : definition of 'i' ignored
                 c:\users\eduardo\documents\visual studio 2012\projects\turma-da-escalada\transformadoratualizarposicaopernaesquerda.cpp(30) : definition of 'i' used
     1>c:\users\eduardo\documents\visual studio 2012\projects\turma-da-escalada\transformadoratualizarposicaopernaesquerda.cpp(52): warning C4244: '=' : conversion from 'int' to 'float', possible loss of data
     1>c:\users\eduardo\documents\visual studio 2012\projects\turma-da-escalada\transformadoratualizarposicaopernaesquerda.cpp(53): warning C4244: '=' : conversion from 'int' to 'float', possible loss of data
         TransformadorAtualizacaoPosicao.cpp
     1>c:\users\eduardo\documents\visual studio 2012\projects\turma-da-escalada\tipos.h(86): warning C4172: returning address of local variable or temporary
     1>c:\users\eduardo\documents\visual studio 2012\projects\turma-da-escalada\transformadoratualizacaoposicao.cpp(27): warning C4018: '<' : signed/unsigned mismatch
         MovimentadorSubirPersonagem.cpp
     1>c:\users\eduardo\documents\visual studio 2012\projects\turma-da-escalada\tipos.h(86): warning C4172: returning address of local variable or temporary
         Generating Code...
       Link:
         C:\Program Files (x86)\Microsoft Visual Studio 11.0\VC\bin\link.exe /ERRORREPORT:PROMPT /OUT:"bin\turma da escalada.exe" /INCREMENTAL /NOLOGO /LIBPATH:"C:\Program Files (x86)\PrimeSense\NiTE2\Lib\\" /LIBPATH:"C:\Program Files (x86)\OpenNI2\Lib\\" /LIBPATH:bin\ /LIBPATH:"lib\irrlicht-1.8\lib\Win32-visualstudio" OpenNI2.lib NiTE2.lib kernel32.lib user32.lib gdi32.lib winspool.lib comdlg32.lib advapi32.lib shell32.lib ole32.lib oleaut32.lib uuid.lib odbc32.lib odbccp32.lib /MANIFEST /MANIFESTUAC:"level='asInvoker' uiAccess='false'" /manifest:embed /DEBUG /PDB:"bin\turma da escalada.pdb" /SUBSYSTEM:CONSOLE /TLBID:1 /DYNAMICBASE /NXCOMPAT /IMPLIB:"bin\turma da escalada.lib" /MACHINE:X86 Debug\Avatar.obj
         Debug\Boneco.obj
         Debug\Botao.obj
         Debug\CaixaMensagem.obj
         Debug\CaixaMensagemSimNao.obj
         Debug\CaixaMensagemSimple.obj
         Debug\CaixaTexto.obj
         Debug\CaixaVendaItem.obj
         Debug\CalculosUteis.obj
         Debug\CheckBox.obj
         Debug\CliqueListener.obj
         Debug\ComboBox.obj
         Debug\Componente.obj
         Debug\ComponenteInformacoesJogador.obj
         Debug\ComponenteItemLojaIcone.obj
         Debug\ComponenteItemLojaIconeVazio.obj
         Debug\ComponenteItemLojaSelecionado.obj
         Debug\Configuracoes.obj
         Debug\Conversoes.obj
         Debug\Conversor.obj
         Debug\Cronometro.obj
         Debug\Cursor.obj
         Debug\Editavel.obj
         Debug\Exibivel.obj
         Debug\FaseDAO.obj
         Debug\Focavel.obj
         Debug\GerenciadorDeExibicao.obj
         Debug\GerenciadorExibicao2.obj
         Debug\Gesto.obj
         Debug\Globais.obj
         Debug\IdentificadorMovimento.obj
         Debug\Imagem.obj
         Debug\IntroScene.obj
         Debug\ItemDAO.obj
         Debug\ItemLoja.obj
         Debug\Inventario.obj
         Debug\Janela.obj
         Debug\JanelaConfiguracao.obj
         Debug\JanelaEscolhaFase.obj
         Debug\JanelaEscolhaPerfil.obj
         Debug\JanelaEscolhaPersonagem.obj
         Debug\JanelaJogo.obj
         Debug\JanelaLoja.obj
         Debug\JanelaLoja2.obj
         Debug\JanelaNovoJogo.obj
         Debug\JanelaPrincipal.obj
         Debug\JanelaTesteKinect.obj
         Debug\Jogador.obj
         Debug\KinectCursor.obj
         Debug\KinectSensor.obj
         Debug\Label.obj
         Debug\Marcador.obj
         Debug\MarcadorPedra.obj
         Debug\MouseCursor.obj
         Debug\MouseSensor.obj
         Debug\MovimentadorBracoDireito.obj
         Debug\MovimentadorBracoEsquerdo.obj
         Debug\MovimentadorMembro.obj
         Debug\MovimentadorPernaDireita.obj
         Debug\MovimentadorPernaEsquerda.obj
         Debug\MovimentadorSubirPersonagem.obj
         Debug\Movimento.obj
         Debug\MovimentoSprayDireito.obj
         Debug\MovimentoSprayEsquerdo.obj
         Debug\NumberSpinner.obj
         Debug\OperacoesComArquivos.obj
         Debug\PerfilDao.obj
         Debug\PersonagemDAO.obj
         Debug\Pose.obj
         Debug\PoseEscaparPedra.obj
         Debug\PosePause.obj
         Debug\PosePernaEmPe.obj
         Debug\Sensor.obj
         Debug\SensorListener.obj
         Debug\stdafx.obj
         Debug\Tecla.obj
         Debug\TecladoAlfaNumerico.obj
         Debug\TecladoGenero.obj
         Debug\TecladoNumerico.obj
         Debug\TecladoVirtual.obj
         Debug\Transformador.obj
         Debug\TransformadorAtualizacaoPosicao.obj
         Debug\TransformadorAtualizarPosicaoBracoDireito.obj
         Debug\TransformadorAtualizarPosicaoBracoEsquerdo.obj
         Debug\TransformadorAtualizarPosicaoPernaDireita.obj
         Debug\TransformadorAtualizarPosicaoPernaEsquerda.obj
         Debug\TransformadorKinect.obj
         "Debug\turma da escalada.obj"
         Debug\XMLDAO.obj
         turma da escalada.vcxproj -> C:\Users\Eduardo\Documents\Visual Studio 2012\Projects\turma-da-escalada\bin\turma da escalada.exe
     1>Done Building Project "C:\Users\Eduardo\Documents\Visual Studio 2012\Projects\turma-da-escalada\turma da escalada.vcxproj" (Build target(s)).

Build succeeded.

Time Elapsed 00:00:05.69
